<?xml version="1.0" encoding="UTF-8"?>
<robot generator="Robot 6.0 (Python 3.10.8 on win32)" generated="20221102 18:26:22.620" rpa="false" schemaversion="3">
<suite id="s1" name="Cart Test" source="C:\Users\Ndzaba\Desktop\Projects\google-test\tests\cart_test.robot">
<test id="s1-t1" name="Cenário: Adicionando um produto ao carrinho" line="14">
<kw name="Abrir o navegador e acessar o site da loja" library="navigation" type="SETUP">
<kw name="Open Browser" library="SeleniumLibrary">
<arg>${URL}</arg>
<arg>${BROWSER}</arg>
<doc>Opens a new browser instance to the optional ``url``.</doc>
<msg timestamp="20221102 18:26:26.776" level="INFO">Opening browser 'gc' to base url 'http://automationpractice.com/'.</msg>
<status status="PASS" starttime="20221102 18:26:26.773" endtime="20221102 18:27:08.502"/>
</kw>
<kw name="Maximize Browser Window" library="SeleniumLibrary">
<doc>Maximizes current browser window.</doc>
<status status="PASS" starttime="20221102 18:27:08.502" endtime="20221102 18:27:08.794"/>
</kw>
<status status="PASS" starttime="20221102 18:26:26.773" endtime="20221102 18:27:08.795"/>
</kw>
<kw name=" Dado que quero comprar o produto Blouse" library="home">
<kw name="Press Keys" library="SeleniumLibrary">
<arg>name=search_query</arg>
<arg>${SEARCH_MESSAGE}</arg>
<arg>ENTER</arg>
<doc>Simulates the user pressing key(s) to an element or on the active browser.</doc>
<msg timestamp="20221102 18:27:08.798" level="INFO">Sending key(s) ('Blouse', 'ENTER') to name=search_query element.</msg>
<msg timestamp="20221102 18:27:18.045" level="INFO">Sending keys Blouse</msg>
<msg timestamp="20221102 18:27:18.462" level="INFO">Pressing special key ENTER to element.</msg>
<msg timestamp="20221102 18:27:18.463" level="INFO">Releasing special key ENTER.</msg>
<status status="PASS" starttime="20221102 18:27:08.796" endtime="20221102 18:27:21.134"/>
</kw>
<kw name="Wait Until Page Contains" library="SeleniumLibrary">
<arg>${SEARCH_MESSAGE}</arg>
<arg>timeout=10</arg>
<doc>Waits until ``text`` appears on the current page.</doc>
<status status="PASS" starttime="20221102 18:27:21.134" endtime="20221102 18:27:21.240"/>
</kw>
<kw name="Click Element" library="SeleniumLibrary">
<arg>${PRODUCT_NAME_LABEL}</arg>
<doc>Click the element identified by ``locator``.</doc>
<msg timestamp="20221102 18:27:21.241" level="INFO">Clicking element 'link=Blouse'.</msg>
<status status="PASS" starttime="20221102 18:27:21.241" endtime="20221102 18:27:25.982"/>
</kw>
<status status="PASS" starttime="20221102 18:27:08.795" endtime="20221102 18:27:25.983"/>
</kw>
<kw name="Quando eu adicionar o produtor ao carrinho" library="product">
<kw name="Wait Until Element Is Visible" library="SeleniumLibrary">
<arg>${ADD_TO_CART_BUTTON}</arg>
<doc>Waits until the element ``locator`` is visible.</doc>
<status status="PASS" starttime="20221102 18:27:25.985" endtime="20221102 18:27:39.733"/>
</kw>
<kw name="Click Button" library="SeleniumLibrary">
<arg>${ADD_TO_CART_BUTTON}</arg>
<doc>Clicks the button identified by ``locator``.</doc>
<msg timestamp="20221102 18:27:39.734" level="INFO">Clicking button 'name=Submit'.</msg>
<status status="PASS" starttime="20221102 18:27:39.733" endtime="20221102 18:27:39.991"/>
</kw>
<status status="PASS" starttime="20221102 18:27:25.984" endtime="20221102 18:27:39.991"/>
</kw>
<kw name="Então a mensagem de sucesso é exibida" library="cart_verification_point">
<kw name="Wait Until Page Contains" library="SeleniumLibrary">
<arg>${SUCCESS_MESSAGE}</arg>
<doc>Waits until ``text`` appears on the current page.</doc>
<status status="PASS" starttime="20221102 18:27:39.993" endtime="20221102 18:27:40.019"/>
</kw>
<status status="PASS" starttime="20221102 18:27:39.992" endtime="20221102 18:27:40.019"/>
</kw>
<kw name="Fechar todos os navegadores" library="navigation" type="TEARDOWN">
<kw name="Close All Browsers" library="SeleniumLibrary">
<doc>Closes all open browsers and resets the browser cache.</doc>
<status status="PASS" starttime="20221102 18:27:40.021" endtime="20221102 18:27:45.677"/>
</kw>
<status status="PASS" starttime="20221102 18:27:40.020" endtime="20221102 18:27:45.677"/>
</kw>
<status status="PASS" starttime="20221102 18:26:26.769" endtime="20221102 18:27:45.678"/>
</test>
<status status="PASS" starttime="20221102 18:26:22.635" endtime="20221102 18:27:45.681"/>
</suite>
<statistics>
<total>
<stat pass="1" fail="0" skip="0">All Tests</stat>
</total>
<tag>
</tag>
<suite>
<stat pass="1" fail="0" skip="0" id="s1" name="Cart Test">Cart Test</stat>
</suite>
</statistics>
<errors>
</errors>
</robot>
